{"/Users/geertweggemans/Projects/asn-scraper/src/types.ts": {"path":"/Users/geertweggemans/Projects/asn-scraper/src/types.ts","statementMap":{"0":{"start":{"line":9,"column":0},"end":{"line":9,"column":null}},"1":{"start":{"line":10,"column":2},"end":{"line":10,"column":null}},"2":{"start":{"line":11,"column":2},"end":{"line":11,"column":null}},"3":{"start":{"line":12,"column":2},"end":{"line":12,"column":null}},"4":{"start":{"line":13,"column":2},"end":{"line":13,"column":null}},"5":{"start":{"line":14,"column":2},"end":{"line":14,"column":null}},"6":{"start":{"line":15,"column":2},"end":{"line":15,"column":null}}},"fnMap":{"0":{"name":"(anonymous_0)","decl":{"start":{"line":9,"column":0},"end":{"line":9,"column":12}},"loc":{"start":{"line":9,"column":24},"end":{"line":16,"column":1}}}},"branchMap":{"0":{"loc":{"start":{"line":9,"column":12},"end":{"line":9,"column":24}},"type":"binary-expr","locations":[{"start":{"line":9,"column":12},"end":{"line":9,"column":24}},{"start":{"line":9,"column":12},"end":{"line":9,"column":null}}]}},"s":{"0":1,"1":1,"2":1,"3":1,"4":1,"5":1,"6":1},"f":{"0":1},"b":{"0":[1,1]}}
,"/Users/geertweggemans/Projects/asn-scraper/src/domain/Transaction.ts": {"path":"/Users/geertweggemans/Projects/asn-scraper/src/domain/Transaction.ts","statementMap":{"0":{"start":{"line":13,"column":27},"end":{"line":15,"column":1}},"1":{"start":{"line":14,"column":2},"end":{"line":14,"column":38}},"2":{"start":{"line":13,"column":13},"end":{"line":13,"column":27}},"3":{"start":{"line":17,"column":24},"end":{"line":19,"column":1}},"4":{"start":{"line":18,"column":2},"end":{"line":18,"column":35}},"5":{"start":{"line":17,"column":13},"end":{"line":17,"column":24}},"6":{"start":{"line":21,"column":24},"end":{"line":23,"column":1}},"7":{"start":{"line":22,"column":2},"end":{"line":22,"column":52}},"8":{"start":{"line":21,"column":13},"end":{"line":21,"column":24}},"9":{"start":{"line":25,"column":32},"end":{"line":29,"column":1}},"10":{"start":{"line":28,"column":2},"end":{"line":28,"column":47}},"11":{"start":{"line":25,"column":13},"end":{"line":25,"column":32}},"12":{"start":{"line":110,"column":38},"end":{"line":110,"column":59}},"13":{"start":{"line":45,"column":4},"end":{"line":47,"column":null}},"14":{"start":{"line":46,"column":6},"end":{"line":46,"column":43}},"15":{"start":{"line":48,"column":4},"end":{"line":50,"column":null}},"16":{"start":{"line":49,"column":6},"end":{"line":49,"column":48}},"17":{"start":{"line":51,"column":4},"end":{"line":53,"column":null}},"18":{"start":{"line":52,"column":6},"end":{"line":52,"column":44}},"19":{"start":{"line":54,"column":4},"end":{"line":56,"column":null}},"20":{"start":{"line":55,"column":6},"end":{"line":55,"column":39}},"21":{"start":{"line":57,"column":4},"end":{"line":59,"column":null}},"22":{"start":{"line":58,"column":6},"end":{"line":58,"column":41}},"23":{"start":{"line":60,"column":4},"end":{"line":62,"column":null}},"24":{"start":{"line":61,"column":6},"end":{"line":61,"column":47}},"25":{"start":{"line":63,"column":18},"end":{"line":63,"column":30}},"26":{"start":{"line":64,"column":4},"end":{"line":66,"column":null}},"27":{"start":{"line":65,"column":6},"end":{"line":65,"column":26}},"28":{"start":{"line":68,"column":4},"end":{"line":70,"column":null}},"29":{"start":{"line":69,"column":6},"end":{"line":69,"column":53}},"30":{"start":{"line":71,"column":29},"end":{"line":71,"column":52}},"31":{"start":{"line":72,"column":4},"end":{"line":74,"column":null}},"32":{"start":{"line":73,"column":6},"end":{"line":73,"column":37}},"33":{"start":{"line":75,"column":4},"end":{"line":77,"column":null}},"34":{"start":{"line":76,"column":6},"end":{"line":76,"column":44}},"35":{"start":{"line":78,"column":20},"end":{"line":78,"column":32}},"36":{"start":{"line":79,"column":4},"end":{"line":81,"column":null}},"37":{"start":{"line":80,"column":6},"end":{"line":80,"column":28}},"38":{"start":{"line":82,"column":4},"end":{"line":84,"column":null}},"39":{"start":{"line":83,"column":6},"end":{"line":83,"column":38}},"40":{"start":{"line":85,"column":4},"end":{"line":87,"column":null}},"41":{"start":{"line":86,"column":6},"end":{"line":86,"column":45}},"42":{"start":{"line":89,"column":15},"end":{"line":89,"column":26}},"43":{"start":{"line":90,"column":4},"end":{"line":92,"column":null}},"44":{"start":{"line":91,"column":6},"end":{"line":91,"column":23}},"45":{"start":{"line":93,"column":4},"end":{"line":95,"column":null}},"46":{"start":{"line":94,"column":6},"end":{"line":94,"column":33}},"47":{"start":{"line":97,"column":4},"end":{"line":107,"column":7}},"48":{"start":{"line":33,"column":0},"end":{"line":33,"column":13}}},"fnMap":{"0":{"name":"(anonymous_0)","decl":{"start":{"line":13,"column":27},"end":{"line":13,"column":28}},"loc":{"start":{"line":13,"column":66},"end":{"line":15,"column":1}}},"1":{"name":"(anonymous_1)","decl":{"start":{"line":17,"column":24},"end":{"line":17,"column":25}},"loc":{"start":{"line":17,"column":60},"end":{"line":19,"column":1}}},"2":{"name":"(anonymous_2)","decl":{"start":{"line":21,"column":24},"end":{"line":21,"column":25}},"loc":{"start":{"line":21,"column":60},"end":{"line":23,"column":1}}},"3":{"name":"(anonymous_3)","decl":{"start":{"line":25,"column":32},"end":{"line":25,"column":null}},"loc":{"start":{"line":27,"column":33},"end":{"line":29,"column":1}}},"4":{"name":"(anonymous_4)","decl":{"start":{"line":110,"column":2},"end":{"line":110,"column":38}},"loc":{"start":{"line":110,"column":59},"end":{"line":110,"column":63}}},"5":{"name":"(anonymous_5)","decl":{"start":{"line":34,"column":9},"end":{"line":34,"column":15}},"loc":{"start":{"line":44,"column":21},"end":{"line":108,"column":3}}}},"branchMap":{"0":{"loc":{"start":{"line":22,"column":9},"end":{"line":22,"column":34}},"type":"binary-expr","locations":[{"start":{"line":22,"column":9},"end":{"line":22,"column":34}},{"start":{"line":22,"column":38},"end":{"line":22,"column":51}}]},"1":{"loc":{"start":{"line":28,"column":9},"end":{"line":28,"column":24}},"type":"binary-expr","locations":[{"start":{"line":28,"column":9},"end":{"line":28,"column":24}},{"start":{"line":28,"column":28},"end":{"line":28,"column":46}}]},"2":{"loc":{"start":{"line":45,"column":4},"end":{"line":47,"column":null}},"type":"if","locations":[{"start":{"line":45,"column":4},"end":{"line":47,"column":null}},{"start":{"line":45,"column":4},"end":{"line":47,"column":null}}]},"3":{"loc":{"start":{"line":45,"column":8},"end":{"line":45,"column":27}},"type":"binary-expr","locations":[{"start":{"line":45,"column":8},"end":{"line":45,"column":27}},{"start":{"line":45,"column":31},"end":{"line":45,"column":52}}]},"4":{"loc":{"start":{"line":48,"column":4},"end":{"line":50,"column":null}},"type":"if","locations":[{"start":{"line":48,"column":4},"end":{"line":50,"column":null}},{"start":{"line":48,"column":4},"end":{"line":50,"column":null}}]},"5":{"loc":{"start":{"line":48,"column":8},"end":{"line":48,"column":32}},"type":"binary-expr","locations":[{"start":{"line":48,"column":8},"end":{"line":48,"column":32}},{"start":{"line":48,"column":36},"end":{"line":48,"column":62}}]},"6":{"loc":{"start":{"line":51,"column":4},"end":{"line":53,"column":null}},"type":"if","locations":[{"start":{"line":51,"column":4},"end":{"line":53,"column":null}},{"start":{"line":51,"column":4},"end":{"line":53,"column":null}}]},"7":{"loc":{"start":{"line":51,"column":8},"end":{"line":51,"column":28}},"type":"binary-expr","locations":[{"start":{"line":51,"column":8},"end":{"line":51,"column":28}},{"start":{"line":51,"column":32},"end":{"line":51,"column":54}}]},"8":{"loc":{"start":{"line":54,"column":4},"end":{"line":56,"column":null}},"type":"if","locations":[{"start":{"line":54,"column":4},"end":{"line":56,"column":null}},{"start":{"line":54,"column":4},"end":{"line":56,"column":null}}]},"9":{"loc":{"start":{"line":57,"column":4},"end":{"line":59,"column":null}},"type":"if","locations":[{"start":{"line":57,"column":4},"end":{"line":59,"column":null}},{"start":{"line":57,"column":4},"end":{"line":59,"column":null}}]},"10":{"loc":{"start":{"line":60,"column":4},"end":{"line":62,"column":null}},"type":"if","locations":[{"start":{"line":60,"column":4},"end":{"line":62,"column":null}},{"start":{"line":60,"column":4},"end":{"line":62,"column":null}}]},"11":{"loc":{"start":{"line":64,"column":4},"end":{"line":66,"column":null}},"type":"if","locations":[{"start":{"line":64,"column":4},"end":{"line":66,"column":null}},{"start":{"line":64,"column":4},"end":{"line":66,"column":null}}]},"12":{"loc":{"start":{"line":64,"column":8},"end":{"line":64,"column":25}},"type":"binary-expr","locations":[{"start":{"line":64,"column":8},"end":{"line":64,"column":25}},{"start":{"line":64,"column":29},"end":{"line":64,"column":49}}]},"13":{"loc":{"start":{"line":68,"column":4},"end":{"line":70,"column":null}},"type":"if","locations":[{"start":{"line":68,"column":4},"end":{"line":70,"column":null}},{"start":{"line":68,"column":4},"end":{"line":70,"column":null}}]},"14":{"loc":{"start":{"line":72,"column":4},"end":{"line":74,"column":null}},"type":"if","locations":[{"start":{"line":72,"column":4},"end":{"line":74,"column":null}},{"start":{"line":72,"column":4},"end":{"line":74,"column":null}}]},"15":{"loc":{"start":{"line":72,"column":8},"end":{"line":72,"column":36}},"type":"binary-expr","locations":[{"start":{"line":72,"column":8},"end":{"line":72,"column":36}},{"start":{"line":72,"column":40},"end":{"line":72,"column":71}}]},"16":{"loc":{"start":{"line":75,"column":4},"end":{"line":77,"column":null}},"type":"if","locations":[{"start":{"line":75,"column":4},"end":{"line":77,"column":null}},{"start":{"line":75,"column":4},"end":{"line":77,"column":null}}]},"17":{"loc":{"start":{"line":79,"column":4},"end":{"line":81,"column":null}},"type":"if","locations":[{"start":{"line":79,"column":4},"end":{"line":81,"column":null}},{"start":{"line":79,"column":4},"end":{"line":81,"column":null}}]},"18":{"loc":{"start":{"line":79,"column":8},"end":{"line":79,"column":27}},"type":"binary-expr","locations":[{"start":{"line":79,"column":8},"end":{"line":79,"column":27}},{"start":{"line":79,"column":31},"end":{"line":79,"column":53}}]},"19":{"loc":{"start":{"line":82,"column":4},"end":{"line":84,"column":null}},"type":"if","locations":[{"start":{"line":82,"column":4},"end":{"line":84,"column":null}},{"start":{"line":82,"column":4},"end":{"line":84,"column":null}}]},"20":{"loc":{"start":{"line":85,"column":4},"end":{"line":87,"column":null}},"type":"if","locations":[{"start":{"line":85,"column":4},"end":{"line":87,"column":null}},{"start":{"line":85,"column":4},"end":{"line":87,"column":null}}]},"21":{"loc":{"start":{"line":90,"column":4},"end":{"line":92,"column":null}},"type":"if","locations":[{"start":{"line":90,"column":4},"end":{"line":92,"column":null}},{"start":{"line":90,"column":4},"end":{"line":92,"column":null}}]},"22":{"loc":{"start":{"line":90,"column":8},"end":{"line":90,"column":22}},"type":"binary-expr","locations":[{"start":{"line":90,"column":8},"end":{"line":90,"column":22}},{"start":{"line":90,"column":26},"end":{"line":90,"column":43}}]},"23":{"loc":{"start":{"line":93,"column":4},"end":{"line":95,"column":null}},"type":"if","locations":[{"start":{"line":93,"column":4},"end":{"line":95,"column":null}},{"start":{"line":93,"column":4},"end":{"line":95,"column":null}}]},"24":{"loc":{"start":{"line":93,"column":8},"end":{"line":93,"column":22}},"type":"binary-expr","locations":[{"start":{"line":93,"column":8},"end":{"line":93,"column":22}},{"start":{"line":93,"column":26},"end":{"line":93,"column":43}}]}},"s":{"0":2,"1":6,"2":2,"3":2,"4":61,"5":2,"6":2,"7":5,"8":2,"9":2,"10":20,"11":2,"12":5,"13":6,"14":1,"15":5,"16":0,"17":5,"18":0,"19":5,"20":0,"21":5,"22":0,"23":5,"24":0,"25":5,"26":5,"27":1,"28":5,"29":0,"30":5,"31":5,"32":3,"33":5,"34":0,"35":5,"36":5,"37":1,"38":5,"39":0,"40":5,"41":0,"42":5,"43":5,"44":1,"45":5,"46":0,"47":5,"48":2},"f":{"0":6,"1":61,"2":5,"3":20,"4":5,"5":6},"b":{"0":[5,5],"1":[20,6],"2":[1,5],"3":[6,5],"4":[0,5],"5":[5,5],"6":[0,5],"7":[5,5],"8":[0,5],"9":[0,5],"10":[0,5],"11":[1,4],"12":[5,2],"13":[0,5],"14":[3,2],"15":[5,4],"16":[0,5],"17":[1,4],"18":[5,2],"19":[0,5],"20":[0,5],"21":[1,4],"22":[5,4],"23":[0,5],"24":[5,3]}}
,"/Users/geertweggemans/Projects/asn-scraper/src/infrastructure/ASNTransactionRepository.ts": {"path":"/Users/geertweggemans/Projects/asn-scraper/src/infrastructure/ASNTransactionRepository.ts","statementMap":{"0":{"start":{"line":2,"column":0},"end":{"line":2,"column":50}},"1":{"start":{"line":3,"column":0},"end":{"line":3,"column":null}},"2":{"start":{"line":12,"column":21},"end":{"line":12,"column":47}},"3":{"start":{"line":13,"column":21},"end":{"line":13,"column":65}},"4":{"start":{"line":14,"column":21},"end":{"line":14,"column":38}},"5":{"start":{"line":18,"column":40},"end":{"line":18,"column":42}},"6":{"start":{"line":20,"column":4},"end":{"line":29,"column":null}},"7":{"start":{"line":21,"column":26},"end":{"line":21,"column":47}},"8":{"start":{"line":22,"column":6},"end":{"line":24,"column":null}},"9":{"start":{"line":23,"column":8},"end":{"line":23,"column":27}},"10":{"start":{"line":26,"column":6},"end":{"line":28,"column":null}},"11":{"start":{"line":27,"column":8},"end":{"line":27,"column":39}},"12":{"start":{"line":31,"column":4},"end":{"line":31,"column":24}},"13":{"start":{"line":35,"column":26},"end":{"line":35,"column":60}},"14":{"start":{"line":36,"column":20},"end":{"line":36,"column":61}},"15":{"start":{"line":37,"column":4},"end":{"line":39,"column":null}},"16":{"start":{"line":38,"column":6},"end":{"line":38,"column":13}},"17":{"start":{"line":41,"column":31},"end":{"line":41,"column":64}},"18":{"start":{"line":42,"column":27},"end":{"line":43,"column":21}},"19":{"start":{"line":46,"column":4},"end":{"line":54,"column":null}},"20":{"start":{"line":47,"column":29},"end":{"line":47,"column":72}},"21":{"start":{"line":48,"column":28},"end":{"line":49,"column":null}},"22":{"start":{"line":49,"column":17},"end":{"line":49,"column":64}},"23":{"start":{"line":51,"column":6},"end":{"line":53,"column":null}},"24":{"start":{"line":52,"column":8},"end":{"line":52,"column":35}},"25":{"start":{"line":57,"column":23},"end":{"line":57,"column":48}},"26":{"start":{"line":58,"column":4},"end":{"line":62,"column":null}},"27":{"start":{"line":59,"column":33},"end":{"line":59,"column":54}},"28":{"start":{"line":61,"column":6},"end":{"line":61,"column":59}},"29":{"start":{"line":64,"column":22},"end":{"line":64,"column":49}},"30":{"start":{"line":65,"column":23},"end":{"line":65,"column":50}},"31":{"start":{"line":66,"column":4},"end":{"line":68,"column":null}},"32":{"start":{"line":67,"column":6},"end":{"line":67,"column":62}},"33":{"start":{"line":69,"column":39},"end":{"line":69,"column":61}},"34":{"start":{"line":70,"column":18},"end":{"line":70,"column":45}},"35":{"start":{"line":71,"column":4},"end":{"line":73,"column":null}},"36":{"start":{"line":72,"column":6},"end":{"line":72,"column":41}},"37":{"start":{"line":74,"column":18},"end":{"line":74,"column":39}},"38":{"start":{"line":75,"column":4},"end":{"line":77,"column":null}},"39":{"start":{"line":76,"column":6},"end":{"line":76,"column":41}},"40":{"start":{"line":79,"column":17},"end":{"line":79,"column":30}},"41":{"start":{"line":80,"column":4},"end":{"line":82,"column":null}},"42":{"start":{"line":81,"column":6},"end":{"line":81,"column":27}},"43":{"start":{"line":84,"column":4},"end":{"line":94,"column":7}},"44":{"start":{"line":10,"column":0},"end":{"line":10,"column":13}}},"fnMap":{"0":{"name":"(anonymous_0)","decl":{"start":{"line":11,"column":2},"end":{"line":11,"column":null}},"loc":{"start":{"line":14,"column":38},"end":{"line":15,"column":6}}},"1":{"name":"(anonymous_1)","decl":{"start":{"line":17,"column":9},"end":{"line":17,"column":14}},"loc":{"start":{"line":17,"column":21},"end":{"line":32,"column":3}}},"2":{"name":"(anonymous_2)","decl":{"start":{"line":34,"column":10},"end":{"line":34,"column":18}},"loc":{"start":{"line":34,"column":33},"end":{"line":95,"column":3}}},"3":{"name":"(anonymous_3)","decl":{"start":{"line":49,"column":8},"end":{"line":49,"column":13}},"loc":{"start":{"line":49,"column":17},"end":{"line":49,"column":64}}}},"branchMap":{"0":{"loc":{"start":{"line":22,"column":6},"end":{"line":24,"column":null}},"type":"if","locations":[{"start":{"line":22,"column":6},"end":{"line":24,"column":null}},{"start":{"line":22,"column":6},"end":{"line":24,"column":null}}]},"1":{"loc":{"start":{"line":26,"column":6},"end":{"line":28,"column":null}},"type":"if","locations":[{"start":{"line":26,"column":6},"end":{"line":28,"column":null}},{"start":{"line":26,"column":6},"end":{"line":28,"column":null}}]},"2":{"loc":{"start":{"line":36,"column":41},"end":{"line":36,"column":54}},"type":"binary-expr","locations":[{"start":{"line":36,"column":41},"end":{"line":36,"column":54}},{"start":{"line":36,"column":58},"end":{"line":36,"column":60}}]},"3":{"loc":{"start":{"line":37,"column":4},"end":{"line":39,"column":null}},"type":"if","locations":[{"start":{"line":37,"column":4},"end":{"line":39,"column":null}},{"start":{"line":37,"column":4},"end":{"line":39,"column":null}}]},"4":{"loc":{"start":{"line":42,"column":76},"end":{"line":42,"column":null}},"type":"cond-expr","locations":[{"start":{"line":42,"column":76},"end":{"line":42,"column":null}},{"start":{"line":42,"column":76},"end":{"line":43,"column":21}}]},"5":{"loc":{"start":{"line":42,"column":27},"end":{"line":42,"column":null}},"type":"binary-expr","locations":[{"start":{"line":42,"column":27},"end":{"line":42,"column":null}},{"start":{"line":42,"column":76},"end":{"line":42,"column":null}}]},"6":{"loc":{"start":{"line":42,"column":51},"end":{"line":42,"column":69}},"type":"binary-expr","locations":[{"start":{"line":42,"column":51},"end":{"line":42,"column":69}},{"start":{"line":42,"column":73},"end":{"line":42,"column":75}}]},"7":{"loc":{"start":{"line":46,"column":4},"end":{"line":54,"column":null}},"type":"if","locations":[{"start":{"line":46,"column":4},"end":{"line":54,"column":null}},{"start":{"line":46,"column":4},"end":{"line":54,"column":null}}]},"8":{"loc":{"start":{"line":48,"column":42},"end":{"line":48,"column":44}},"type":"cond-expr","locations":[{"start":{"line":48,"column":42},"end":{"line":48,"column":44}},{"start":{"line":48,"column":28},"end":{"line":49,"column":null}}]},"9":{"loc":{"start":{"line":48,"column":28},"end":{"line":48,"column":44}},"type":"binary-expr","locations":[{"start":{"line":48,"column":28},"end":{"line":48,"column":44}},{"start":{"line":48,"column":28},"end":{"line":48,"column":44}}]},"10":{"loc":{"start":{"line":51,"column":6},"end":{"line":53,"column":null}},"type":"if","locations":[{"start":{"line":51,"column":6},"end":{"line":53,"column":null}},{"start":{"line":51,"column":6},"end":{"line":53,"column":null}}]},"11":{"loc":{"start":{"line":58,"column":4},"end":{"line":62,"column":null}},"type":"if","locations":[{"start":{"line":58,"column":4},"end":{"line":62,"column":null}},{"start":{"line":58,"column":4},"end":{"line":62,"column":null}}]},"12":{"loc":{"start":{"line":66,"column":4},"end":{"line":68,"column":null}},"type":"if","locations":[{"start":{"line":66,"column":4},"end":{"line":68,"column":null}},{"start":{"line":66,"column":4},"end":{"line":68,"column":null}}]},"13":{"loc":{"start":{"line":71,"column":4},"end":{"line":73,"column":null}},"type":"if","locations":[{"start":{"line":71,"column":4},"end":{"line":73,"column":null}},{"start":{"line":71,"column":4},"end":{"line":73,"column":null}}]},"14":{"loc":{"start":{"line":75,"column":4},"end":{"line":77,"column":null}},"type":"if","locations":[{"start":{"line":75,"column":4},"end":{"line":77,"column":null}},{"start":{"line":75,"column":4},"end":{"line":77,"column":null}}]},"15":{"loc":{"start":{"line":80,"column":4},"end":{"line":82,"column":null}},"type":"if","locations":[{"start":{"line":80,"column":4},"end":{"line":82,"column":null}},{"start":{"line":80,"column":4},"end":{"line":82,"column":null}}]}},"s":{"0":1,"1":1,"2":1,"3":1,"4":1,"5":2,"6":2,"7":2,"8":2,"9":0,"10":2,"11":2,"12":2,"13":2,"14":2,"15":2,"16":0,"17":2,"18":2,"19":2,"20":0,"21":0,"22":0,"23":0,"24":0,"25":2,"26":2,"27":2,"28":2,"29":2,"30":2,"31":2,"32":2,"33":2,"34":2,"35":2,"36":0,"37":2,"38":2,"39":0,"40":2,"41":2,"42":2,"43":2,"44":1},"f":{"0":1,"1":2,"2":2,"3":0},"b":{"0":[0,2],"1":[2,0],"2":[2,0],"3":[0,2],"4":[2,0],"5":[2,2],"6":[2,2],"7":[0,2],"8":[0,0],"9":[0,0],"10":[0,0],"11":[2,0],"12":[2,0],"13":[0,2],"14":[0,2],"15":[2,0]}}
}
