TN:
SF:src/types.ts
FN:9,(anonymous_0)
FNF:1
FNH:1
FNDA:1,(anonymous_0)
DA:9,1
DA:10,1
DA:11,1
DA:12,1
DA:13,1
DA:14,1
DA:15,1
LF:7
LH:7
BRDA:9,0,0,1
BRDA:9,0,1,1
BRF:2
BRH:2
end_of_record
TN:
SF:src/domain/Transaction.ts
FN:13,(anonymous_0)
FN:17,(anonymous_1)
FN:21,(anonymous_2)
FN:25,(anonymous_3)
FN:110,(anonymous_4)
FN:34,(anonymous_5)
FNF:6
FNH:6
FNDA:6,(anonymous_0)
FNDA:61,(anonymous_1)
FNDA:5,(anonymous_2)
FNDA:20,(anonymous_3)
FNDA:5,(anonymous_4)
FNDA:6,(anonymous_5)
DA:13,2
DA:14,6
DA:17,2
DA:18,61
DA:21,2
DA:22,5
DA:25,2
DA:28,20
DA:33,2
DA:45,6
DA:46,1
DA:48,5
DA:49,0
DA:51,5
DA:52,0
DA:54,5
DA:55,0
DA:57,5
DA:58,0
DA:60,5
DA:61,0
DA:63,5
DA:64,5
DA:65,1
DA:68,5
DA:69,0
DA:71,5
DA:72,5
DA:73,3
DA:75,5
DA:76,0
DA:78,5
DA:79,5
DA:80,1
DA:82,5
DA:83,0
DA:85,5
DA:86,0
DA:89,5
DA:90,5
DA:91,1
DA:93,5
DA:94,0
DA:97,5
DA:110,5
LF:45
LH:35
BRDA:22,0,0,5
BRDA:22,0,1,5
BRDA:28,1,0,20
BRDA:28,1,1,6
BRDA:45,2,0,1
BRDA:45,2,1,5
BRDA:45,3,0,6
BRDA:45,3,1,5
BRDA:48,4,0,0
BRDA:48,4,1,5
BRDA:48,5,0,5
BRDA:48,5,1,5
BRDA:51,6,0,0
BRDA:51,6,1,5
BRDA:51,7,0,5
BRDA:51,7,1,5
BRDA:54,8,0,0
BRDA:54,8,1,5
BRDA:57,9,0,0
BRDA:57,9,1,5
BRDA:60,10,0,0
BRDA:60,10,1,5
BRDA:64,11,0,1
BRDA:64,11,1,4
BRDA:64,12,0,5
BRDA:64,12,1,2
BRDA:68,13,0,0
BRDA:68,13,1,5
BRDA:72,14,0,3
BRDA:72,14,1,2
BRDA:72,15,0,5
BRDA:72,15,1,4
BRDA:75,16,0,0
BRDA:75,16,1,5
BRDA:79,17,0,1
BRDA:79,17,1,4
BRDA:79,18,0,5
BRDA:79,18,1,2
BRDA:82,19,0,0
BRDA:82,19,1,5
BRDA:85,20,0,0
BRDA:85,20,1,5
BRDA:90,21,0,1
BRDA:90,21,1,4
BRDA:90,22,0,5
BRDA:90,22,1,4
BRDA:93,23,0,0
BRDA:93,23,1,5
BRDA:93,24,0,5
BRDA:93,24,1,3
BRF:50
BRH:40
end_of_record
TN:
SF:src/infrastructure/ASNTransactionRepository.ts
FN:11,(anonymous_0)
FN:17,(anonymous_1)
FN:34,(anonymous_2)
FN:49,(anonymous_3)
FNF:4
FNH:3
FNDA:1,(anonymous_0)
FNDA:2,(anonymous_1)
FNDA:2,(anonymous_2)
FNDA:0,(anonymous_3)
DA:2,1
DA:3,1
DA:10,1
DA:12,1
DA:13,1
DA:14,1
DA:18,2
DA:20,2
DA:21,2
DA:22,2
DA:23,0
DA:26,2
DA:27,2
DA:31,2
DA:35,2
DA:36,2
DA:37,2
DA:38,0
DA:41,2
DA:42,2
DA:46,2
DA:47,0
DA:48,0
DA:49,0
DA:51,0
DA:52,0
DA:57,2
DA:58,2
DA:59,2
DA:61,2
DA:64,2
DA:65,2
DA:66,2
DA:67,2
DA:69,2
DA:70,2
DA:71,2
DA:72,0
DA:74,2
DA:75,2
DA:76,0
DA:79,2
DA:80,2
DA:81,2
DA:84,2
LF:45
LH:36
BRDA:22,0,0,0
BRDA:22,0,1,2
BRDA:26,1,0,2
BRDA:26,1,1,0
BRDA:36,2,0,2
BRDA:36,2,1,0
BRDA:37,3,0,0
BRDA:37,3,1,2
BRDA:42,4,0,2
BRDA:42,4,1,0
BRDA:42,5,0,2
BRDA:42,5,1,2
BRDA:42,6,0,2
BRDA:42,6,1,2
BRDA:46,7,0,0
BRDA:46,7,1,2
BRDA:48,8,0,0
BRDA:48,8,1,0
BRDA:48,9,0,0
BRDA:48,9,1,0
BRDA:51,10,0,0
BRDA:51,10,1,0
BRDA:58,11,0,2
BRDA:58,11,1,0
BRDA:66,12,0,2
BRDA:66,12,1,0
BRDA:71,13,0,0
BRDA:71,13,1,2
BRDA:75,14,0,0
BRDA:75,14,1,2
BRDA:80,15,0,2
BRDA:80,15,1,0
BRF:32
BRH:15
end_of_record
